2025-04-05 10:22:14 - Request: {"GroupID":"ADMIN","GroupName":"ADMIN","LoginID":"support@c24solutions.ng","CreateUser":1,"ViewUser":1,"DeleteUser":1,"EditUser":1,"UnlockUser":1,"CreateRole":1,"ViewGroup":1,"CreateSubAgent":1,"DeactivateUser":1,"ReactivateUser":1,"UpgradeToAggregator":0,"AccountOpening":1,"CardIssuance":1,"CardIssuanceReport":1,"AccountOpeningReport":1,"AgentOnboardedReport":1,"AggregatorReport":1}
Response: {"ResponseMessage":"ADMIN role updated successfully","ResponseCode":"00"}
2025-04-05 10:23:43 - Request: {"GroupID":"AGENT","GroupName":"AGENT","LoginID":"support@c24solutions.ng","CreateUser":1,"ViewUser":1,"DeleteUser":1,"EditUser":1,"UnlockUser":1,"CreateRole":1,"ViewGroup":1,"CreateSubAgent":1,"DeactivateUser":1,"ReactivateUser":1,"UpgradeToAggregator":0,"AccountOpening":1,"CardIssuance":1,"CardIssuanceReport":1,"AccountOpeningReport":1,"AgentOnboardedReport":1,"AggregatorReport":1}
Response: {"ResponseMessage":"AGENT role updated successfully","ResponseCode":"00"}
2025-04-05 10:25:12 - Request: {"GroupID":"AGENT","GroupName":"AGENT","LoginID":"support@c24solutions.ng","CreateUser":1,"ViewUser":1,"DeleteUser":1,"EditUser":1,"UnlockUser":1,"CreateRole":1,"ViewGroup":1,"CreateSubAgent":1,"DeactivateUser":1,"ReactivateUser":1,"UpgradeToAggregator":0,"AccountOpening":1,"CardIssuance":1,"CardIssuanceReport":1,"AccountOpeningReport":1,"AgentOnboardedReport":1,"AggregatorReport":1}
Response: {"ResponseMessage":"AGENT role updated successfully","ResponseCode":"00"}
2025-04-05 10:26:00 - Request: {"GroupID":"AGGREGATOR","GroupName":"AGGREGATOR","LoginID":"support@c24solutions.ng","CreateUser":1,"ViewUser":1,"DeleteUser":1,"EditUser":1,"UnlockUser":1,"CreateRole":1,"ViewGroup":1,"CreateSubAgent":1,"DeactivateUser":1,"ReactivateUser":1,"UpgradeToAggregator":0,"AccountOpening":1,"CardIssuance":1,"CardIssuanceReport":1,"AccountOpeningReport":1,"AgentOnboardedReport":1,"AggregatorReport":1}
Response: {"ResponseMessage":"AGGREGATOR role updated successfully","ResponseCode":"00"}
2025-04-05 10:27:42 - Request: {"GroupID":"ADMIN","GroupName":"ADMIN","LoginID":"support@c24solutions.ng","CreateUser":1,"ViewUser":1,"DeleteUser":1,"EditUser":1,"UnlockUser":1,"CreateRole":1,"ViewGroup":1,"CreateSubAgent":1,"DeactivateUser":1,"ReactivateUser":1,"UpgradeToAggregator":0,"AccountOpening":1,"CardIssuance":1,"CardIssuanceReport":1,"AccountOpeningReport":1,"AgentOnboardedReport":1,"AggregatorReport":1}
Response: {"ResponseMessage":"ADMIN role updated successfully","ResponseCode":"00"}
2025-04-05 10:32:49 - Request: {"GroupID":"AGENT","GroupName":"AGENT","LoginID":"support@c24solutions.ng","CreateUser":1,"ViewUser":1,"DeleteUser":1,"EditUser":1,"UnlockUser":1,"CreateRole":1,"ViewGroup":1,"CreateSubAgent":1,"DeactivateUser":1,"ReactivateUser":1,"UpgradeToAggregator":0,"AccountOpening":1,"CardIssuance":1,"CardIssuanceReport":1,"AccountOpeningReport":1,"AgentOnboardedReport":1,"AggregatorReport":1}
Response: {"ResponseMessage":"AGENT role updated successfully","ResponseCode":"00"}
2025-04-05 10:36:59 - Request: {"GroupID":"AGGREGATOR","GroupName":"AGGREGATOR","LoginID":"support@c24solutions.ng","CreateUser":1,"ViewUser":1,"DeleteUser":1,"EditUser":1,"UnlockUser":1,"CreateRole":1,"ViewGroup":1,"CreateSubAgent":1,"DeactivateUser":1,"ReactivateUser":1,"UpgradeToAggregator":0,"AccountOpening":1,"CardIssuance":1,"CardIssuanceReport":1,"AccountOpeningReport":1,"AgentOnboardedReport":1,"AggregatorReport":1}
Response: {"ResponseMessage":"AGGREGATOR role updated successfully","ResponseCode":"00"}
2025-04-05 10:44:41 - Request: {"GroupID":"AGENT","GroupName":"AGENT","LoginID":"support@c24solutions.ng","CreateUser":1,"ViewUser":1,"DeleteUser":1,"EditUser":1,"UnlockUser":1,"CreateRole":1,"ViewGroup":1,"CreateSubAgent":1,"DeactivateUser":1,"ReactivateUser":1,"UpgradeToAggregator":0,"AccountOpening":1,"CardIssuance":1,"CardIssuanceReport":1,"AccountOpeningReport":1,"AgentOnboardedReport":1,"AggregatorReport":1}
Response: {"ResponseMessage":"AGENT role updated successfully","ResponseCode":"00"}
2025-04-05 10:45:01 - Request: {"GroupID":"AGENT","GroupName":"AGENT","LoginID":"support@c24solutions.ng","CreateUser":1,"ViewUser":1,"DeleteUser":1,"EditUser":1,"UnlockUser":1,"CreateRole":1,"ViewGroup":1,"CreateSubAgent":1,"DeactivateUser":1,"ReactivateUser":1,"UpgradeToAggregator":0,"AccountOpening":1,"CardIssuance":1,"CardIssuanceReport":1,"AccountOpeningReport":1,"AgentOnboardedReport":1,"AggregatorReport":1}
Response: {"ResponseMessage":"AGENT role updated successfully","ResponseCode":"00"}
2025-04-05 11:05:36 - Request: {"GroupID":"AGGREGATOR","GroupName":"AGGREGATOR","LoginID":"support@c24solutions.ng","CreateUser":0,"ViewUser":0,"DeleteUser":0,"EditUser":0,"UnlockUser":1,"CreateRole":0,"ViewGroup":0,"CreateSubAgent":1,"DeactivateUser":1,"ReactivateUser":0,"UpgradeToAggregator":0,"AccountOpening":1,"CardIssuance":1,"CardIssuanceReport":1,"AccountOpeningReport":1,"AgentOnboardedReport":1,"AggregatorReport":0}
Response: {"ResponseMessage":"Database error: SQLSTATE[HY093]: Invalid parameter number: number of bound variables does not match number of tokens","ResponseCode":"500"}
2025-04-05 11:09:41 - Request: {"GroupID":"AGGREGATOR","GroupName":"AGGREGATOR","LoginID":"support@c24solutions.ng","CreateUser":0,"ViewUser":0,"DeleteUser":0,"EditUser":0,"UpdateUserRole":0,"UnlockUser":0,"CreateRole":0,"ViewGroup":0,"CreateSubAgent":1,"DeactivateUser":1,"ReactivateUser":0,"UpgradeToAggregator":0,"AccountOpening":1,"CardIssuance":1,"CardIssuanceReport":1,"AccountOpeningReport":1,"AgentOnboardedReport":1,"AggregatorReport":0}
Response: {"ResponseMessage":"Database error: SQLSTATE[HY093]: Invalid parameter number: number of bound variables does not match number of tokens","ResponseCode":"500"}
2025-04-05 11:12:30 - Request: {"GroupID":"AGENT","GroupName":"AGENT","LoginID":"support@c24solutions.ng","CreateUser":0,"ViewUser":0,"DeleteUser":0,"EditUser":0,"UpdateUserRole":0,"UnlockUser":0,"CreateRole":0,"ViewGroup":0,"CreateSubAgent":0,"DeactivateUser":1,"ReactivateUser":0,"UpgradeToAggregator":0,"AccountOpening":1,"CardIssuance":1,"CardIssuanceReport":1,"AccountOpeningReport":1,"AgentOnboardedReport":0,"AggregatorReport":0}
Response: {"ResponseMessage":"Database error: SQLSTATE[HY093]: Invalid parameter number: parameter was not defined","ResponseCode":"500"}
2025-04-05 11:15:26 - Request: {"GroupID":"AGGREGATOR","GroupName":"AGGREGATOR","LoginID":"support@c24solutions.ng","CreateUser":0,"ViewUser":0,"DeleteUser":0,"EditUser":0,"UpdateUserRole":0,"UnlockUser":1,"CreateRole":0,"ViewGroup":0,"CreateSubAgent":1,"DeactivateUser":1,"ReactivateUser":0,"UpgradeToAggregator":0,"AccountOpening":1,"CardIssuance":1,"CardIssuanceReport":1,"AccountOpeningReport":1,"AgentOnboardedReport":1,"AggregatorReport":0}
Response: {"ResponseMessage":"AGGREGATOR role updated successfully","ResponseCode":"00"}
2025-04-05 11:16:09 - Request: {"GroupID":"AGENT","GroupName":"AGENT","LoginID":"support@c24solutions.ng","CreateUser":0,"ViewUser":0,"DeleteUser":0,"EditUser":0,"UpdateUserRole":0,"UnlockUser":0,"CreateRole":0,"ViewGroup":0,"CreateSubAgent":0,"DeactivateUser":1,"ReactivateUser":0,"UpgradeToAggregator":0,"AccountOpening":1,"CardIssuance":1,"CardIssuanceReport":1,"AccountOpeningReport":1,"AgentOnboardedReport":0,"AggregatorReport":0}
Response: {"ResponseMessage":"AGENT role updated successfully","ResponseCode":"00"}
2025-04-05 11:16:52 - Request: {"GroupID":"ADMIN","GroupName":"ADMIN","LoginID":"support@c24solutions.ng","CreateUser":1,"ViewUser":1,"DeleteUser":1,"EditUser":1,"UpdateUserRole":1,"UnlockUser":1,"CreateRole":1,"ViewGroup":1,"CreateSubAgent":1,"DeactivateUser":1,"ReactivateUser":1,"UpgradeToAggregator":1,"AccountOpening":1,"CardIssuance":1,"CardIssuanceReport":1,"AccountOpeningReport":1,"AgentOnboardedReport":1,"AggregatorReport":1}
Response: {"ResponseMessage":"ADMIN role updated successfully","ResponseCode":"00"}
2025-04-05 11:17:27 - Request: {"GroupID":"ADMIN","GroupName":"ADMIN","LoginID":"support@c24solutions.ng","CreateUser":1,"ViewUser":1,"DeleteUser":0,"EditUser":0,"UpdateUserRole":1,"UnlockUser":1,"CreateRole":0,"ViewGroup":1,"CreateSubAgent":1,"DeactivateUser":1,"ReactivateUser":1,"UpgradeToAggregator":1,"AccountOpening":1,"CardIssuance":1,"CardIssuanceReport":1,"AccountOpeningReport":1,"AgentOnboardedReport":1,"AggregatorReport":1}
Response: {"ResponseMessage":"ADMIN role updated successfully","ResponseCode":"00"}
2025-04-05 11:17:57 - Request: {"GroupID":"SUPER_ADMIN","GroupName":"SUPER ADMIN","LoginID":"support@c24solutions.ng","CreateUser":1,"ViewUser":1,"DeleteUser":1,"EditUser":1,"UpdateUserRole":1,"UnlockUser":1,"CreateRole":1,"ViewGroup":1,"CreateSubAgent":1,"DeactivateUser":1,"ReactivateUser":1,"UpgradeToAggregator":1,"AccountOpening":1,"CardIssuance":1,"CardIssuanceReport":1,"AccountOpeningReport":1,"AgentOnboardedReport":1,"AggregatorReport":1}
Response: {"ResponseMessage":"SUPER ADMIN role updated successfully","ResponseCode":"00"}
